#
# There is insufficient memory for the Java Runtime Environment to continue.
# Native memory allocation (malloc) failed to allocate 1451216 bytes for Chunk::new
# Possible reasons:
#   The system is out of physical RAM or swap space
#   The process is running with CompressedOops enabled, and the Java Heap may be blocking the growth of the native heap
# Possible solutions:
#   Reduce memory load on the system
#   Increase physical memory or swap space
#   Check if swap backing store is full
#   Decrease Java heap size (-Xmx/-Xms)
#   Decrease number of Java threads
#   Decrease Java thread stack sizes (-Xss)
#   Set larger code cache with -XX:ReservedCodeCacheSize=
#   JVM is running with Unscaled Compressed Oops mode in which the Java heap is
#     placed in the first 4GB address space. The Java Heap base address is the
#     maximum limit for the native heap growth. Please use -XX:HeapBaseMinAddress
#     to set the Java Heap base and to place the Java Heap above 4GB virtual address.
# This output file may be truncated or incomplete.
#
#  Out of Memory Error (./src/hotspot/share/memory/arena.cpp:197), pid=11432, tid=11552
#
# JRE version: OpenJDK Runtime Environment (11.0.12+7) (build 11.0.12+7-b1504.28-7817840)
# Java VM: OpenJDK 64-Bit Server VM (11.0.12+7-b1504.28-7817840, mixed mode, tiered, compressed oops, g1 gc, windows-amd64)
# No core dump will be written. Minidumps are not enabled by default on client versions of Windows
#

---------------  S U M M A R Y ------------

Command Line: --add-opens=java.base/java.util=ALL-UNNAMED --add-opens=java.base/java.lang=ALL-UNNAMED --add-opens=java.base/java.lang.invoke=ALL-UNNAMED --add-opens=java.base/java.util=ALL-UNNAMED --add-opens=java.prefs/java.util.prefs=ALL-UNNAMED --add-opens=java.prefs/java.util.prefs=ALL-UNNAMED --add-opens=java.base/java.nio.charset=ALL-UNNAMED --add-opens=java.base/java.net=ALL-UNNAMED --add-opens=java.base/java.util.concurrent.atomic=ALL-UNNAMED -Xmx2048m -Dfile.encoding=UTF-8 -Duser.country=GB -Duser.language=en -Duser.variant org.gradle.launcher.daemon.bootstrap.GradleDaemon 7.3.3

Host: Intel(R) Core(TM) i7-9750H CPU @ 2.60GHz, 12 cores, 15G,  Windows 10 , 64 bit Build 22000 (10.0.22000.708)
Time: Sat Jun 25 14:43:04 2022 Sri Lanka Standard Time elapsed time: 4.549382 seconds (0d 0h 0m 4s)

---------------  T H R E A D  ---------------

Current thread (0x0000029321381800):  JavaThread "C2 CompilerThread2" daemon [_thread_in_native, id=11552, stack(0x000000b95ae00000,0x000000b95af00000)]


Current CompileTask:
C2:   4549 3610   !   4       java.net.URLClassLoader$1::run (63 bytes)

Stack: [0x000000b95ae00000,0x000000b95af00000]
Native frames: (J=compiled Java code, j=interpreted, Vv=VM code, C=native code)
V  [jvm.dll+0x5fbcea]
V  [jvm.dll+0x731905]
V  [jvm.dll+0x732f1d]
V  [jvm.dll+0x7335d3]
V  [jvm.dll+0x247bf8]
V  [jvm.dll+0xc018c]
V  [jvm.dll+0xc06cc]
V  [jvm.dll+0x35b31d]
V  [jvm.dll+0x19d0bc]
V  [jvm.dll+0x20070e]
V  [jvm.dll+0x1ff794]
V  [jvm.dll+0x18868c]
V  [jvm.dll+0x20e0d7]
V  [jvm.dll+0x20c901]
V  [jvm.dll+0x6f9b7f]
V  [jvm.dll+0x6f26a5]
V  [jvm.dll+0x5fabf6]
C  [ucrtbase.dll+0x26c0c]
C  [KERNEL32.DLL+0x154e0]
C  [ntdll.dll+0x485b]


---------------  P R O C E S S  ---------------

Threads class SMR info:
_java_thread_list=0x0000029321a3d210, length=37, elements={
0x000002937c6a5000, 0x000002931b858800, 0x000002931b866000, 0x000002931b8bb800,
0x000002931b8bc800, 0x000002931b8bf800, 0x000002931b8c1000, 0x000002931b8c5800,
0x000002931b8d2800, 0x000002931ba33000, 0x000002931e5e8000, 0x000002931bc1e000,
0x000002931bde2000, 0x000002931d79b800, 0x000002931dac8800, 0x000002931e079000,
0x000002931dadd800, 0x000002931efc4000, 0x000002931cd53800, 0x000002931ec5a800,
0x000002931ec5b000, 0x000002931ec5c000, 0x000002931ec5d000, 0x000002931f2dc000,
0x000002931ec5d800, 0x000002931ec58000, 0x000002931ec5e800, 0x000002931ec58800,
0x000002931ec59800, 0x0000029321381800, 0x000002931ef79800, 0x000002931ef7d800,
0x000002931ef7e800, 0x000002931ef7b800, 0x000002931ef7a800, 0x000002931ef81000,
0x000002931ef82000
}

Java Threads: ( => current thread )
  0x000002937c6a5000 JavaThread "main" [_thread_blocked, id=14772, stack(0x000000b957f00000,0x000000b958000000)]
  0x000002931b858800 JavaThread "Reference Handler" daemon [_thread_blocked, id=14200, stack(0x000000b958600000,0x000000b958700000)]
  0x000002931b866000 JavaThread "Finalizer" daemon [_thread_blocked, id=16920, stack(0x000000b958700000,0x000000b958800000)]
  0x000002931b8bb800 JavaThread "Signal Dispatcher" daemon [_thread_blocked, id=4484, stack(0x000000b958800000,0x000000b958900000)]
  0x000002931b8bc800 JavaThread "Attach Listener" daemon [_thread_blocked, id=1968, stack(0x000000b958900000,0x000000b958a00000)]
  0x000002931b8bf800 JavaThread "Service Thread" daemon [_thread_blocked, id=7012, stack(0x000000b958a00000,0x000000b958b00000)]
  0x000002931b8c1000 JavaThread "C2 CompilerThread0" daemon [_thread_in_native, id=8664, stack(0x000000b958b00000,0x000000b958c00000)]
  0x000002931b8c5800 JavaThread "C1 CompilerThread0" daemon [_thread_blocked, id=7144, stack(0x000000b958c00000,0x000000b958d00000)]
  0x000002931b8d2800 JavaThread "Sweeper thread" daemon [_thread_blocked, id=6040, stack(0x000000b958d00000,0x000000b958e00000)]
  0x000002931ba33000 JavaThread "Common-Cleaner" daemon [_thread_blocked, id=16044, stack(0x000000b958e00000,0x000000b958f00000)]
  0x000002931e5e8000 JavaThread "Daemon health stats" [_thread_blocked, id=11696, stack(0x000000b959700000,0x000000b959800000)]
  0x000002931bc1e000 JavaThread "Incoming local TCP Connector on port 52824" [_thread_in_native, id=3916, stack(0x000000b959000000,0x000000b959100000)]
  0x000002931bde2000 JavaThread "Daemon periodic checks" [_thread_blocked, id=16184, stack(0x000000b959100000,0x000000b959200000)]
  0x000002931d79b800 JavaThread "Daemon" [_thread_blocked, id=12776, stack(0x000000b959800000,0x000000b959900000)]
  0x000002931dac8800 JavaThread "Handler for socket connection from /127.0.0.1:52824 to /127.0.0.1:52826" [_thread_in_native, id=3248, stack(0x000000b959900000,0x000000b959a00000)]
  0x000002931e079000 JavaThread "Cancel handler" [_thread_blocked, id=12880, stack(0x000000b959a00000,0x000000b959b00000)]
  0x000002931dadd800 JavaThread "Daemon worker" [_thread_in_vm, id=4976, stack(0x000000b959b00000,0x000000b959c00000)]
  0x000002931efc4000 JavaThread "Asynchronous log dispatcher for DefaultDaemonConnection: socket connection from /127.0.0.1:52824 to /127.0.0.1:52826" [_thread_blocked, id=5368, stack(0x000000b959c00000,0x000000b959d00000)]
  0x000002931cd53800 JavaThread "Stdin handler" [_thread_blocked, id=4044, stack(0x000000b959d00000,0x000000b959e00000)]
  0x000002931ec5a800 JavaThread "Daemon client event forwarder" [_thread_blocked, id=2980, stack(0x000000b959e00000,0x000000b959f00000)]
  0x000002931ec5b000 JavaThread "Cache worker for journal cache (C:\Users\Jarvis\.gradle\caches\journal-1)" [_thread_blocked, id=2020, stack(0x000000b959f00000,0x000000b95a000000)]
  0x000002931ec5c000 JavaThread "File lock request listener" [_thread_in_native, id=11196, stack(0x000000b95a000000,0x000000b95a100000)]
  0x000002931ec5d000 JavaThread "Cache worker for file hash cache (C:\Users\Jarvis\.gradle\caches\7.3.3\fileHashes)" [_thread_blocked, id=10356, stack(0x000000b95a100000,0x000000b95a200000)]
  0x000002931f2dc000 JavaThread "C2 CompilerThread1" daemon [_thread_in_native, id=16968, stack(0x000000b95a800000,0x000000b95a900000)]
  0x000002931ec5d800 JavaThread "Cache worker for file hash cache (D:\ChatApp\.gradle\7.3.3\fileHashes)" [_thread_blocked, id=4124, stack(0x000000b95a900000,0x000000b95aa00000)]
  0x000002931ec58000 JavaThread "File watcher server" daemon [_thread_in_native, id=11912, stack(0x000000b95aa00000,0x000000b95ab00000)]
  0x000002931ec5e800 JavaThread "File watcher consumer" daemon [_thread_blocked, id=11052, stack(0x000000b95ab00000,0x000000b95ac00000)]
  0x000002931ec58800 JavaThread "Cache worker for checksums cache (D:\ChatApp\.gradle\7.3.3\checksums)" [_thread_blocked, id=4212, stack(0x000000b95ac00000,0x000000b95ad00000)]
  0x000002931ec59800 JavaThread "Cache worker for cache directory md-supplier (C:\Users\Jarvis\.gradle\caches\7.3.3\md-supplier)" [_thread_blocked, id=16464, stack(0x000000b95ad00000,0x000000b95ae00000)]
=>0x0000029321381800 JavaThread "C2 CompilerThread2" daemon [_thread_in_native, id=11552, stack(0x000000b95ae00000,0x000000b95af00000)]
  0x000002931ef79800 JavaThread "Cache worker for cache directory md-rule (C:\Users\Jarvis\.gradle\caches\7.3.3\md-rule)" [_thread_blocked, id=10680, stack(0x000000b95af00000,0x000000b95b000000)]
  0x000002931ef7d800 JavaThread "Cache worker for execution history cache (C:\Users\Jarvis\.gradle\caches\7.3.3\executionHistory)" [_thread_blocked, id=15712, stack(0x000000b95b000000,0x000000b95b100000)]
  0x000002931ef7e800 JavaThread "jar transforms" [_thread_blocked, id=9456, stack(0x000000b95b100000,0x000000b95b200000)]
  0x000002931ef7b800 JavaThread "Cache worker for file content cache (C:\Users\Jarvis\.gradle\caches\7.3.3\fileContent)" [_thread_blocked, id=2096, stack(0x000000b95b200000,0x000000b95b300000)]
  0x000002931ef7a800 JavaThread "jar transforms Thread 2" [_thread_blocked, id=5520, stack(0x000000b95b300000,0x000000b95b400000)]
  0x000002931ef81000 JavaThread "Cache worker for dependencies-accessors (D:\ChatApp\.gradle\7.3.3\dependencies-accessors)" [_thread_blocked, id=9428, stack(0x000000b95b400000,0x000000b95b500000)]
  0x000002931ef82000 JavaThread "jar transforms Thread 3" [_thread_blocked, id=1784, stack(0x000000b95b500000,0x000000b95b600000)]

Other Threads:
  0x000002931b857000 VMThread "VM Thread" [stack: 0x000000b958500000,0x000000b958600000] [id=14428]
  0x000002931ba6c000 WatcherThread [stack: 0x000000b958f00000,0x000000b959000000] [id=18228]
  0x000002937c6ba000 GCTaskThread "GC Thread#0" [stack: 0x000000b958000000,0x000000b958100000] [id=6484]
  0x000002931cce8800 GCTaskThread "GC Thread#1" [stack: 0x000000b959200000,0x000000b959300000] [id=16848]
  0x000002931c230800 GCTaskThread "GC Thread#2" [stack: 0x000000b959300000,0x000000b959400000] [id=13500]
  0x000002931c9ea800 GCTaskThread "GC Thread#3" [stack: 0x000000b959400000,0x000000b959500000] [id=14600]
  0x000002931c9eb800 GCTaskThread "GC Thread#4" [stack: 0x000000b959500000,0x000000b959600000] [id=16600]
  0x000002931c720800 GCTaskThread "GC Thread#5" [stack: 0x000000b959600000,0x000000b959700000] [id=18416]
  0x000002931e286800 GCTaskThread "GC Thread#6" [stack: 0x000000b95a200000,0x000000b95a300000] [id=11148]
  0x000002931f16a800 GCTaskThread "GC Thread#7" [stack: 0x000000b95a300000,0x000000b95a400000] [id=16152]
  0x000002931dfb2000 GCTaskThread "GC Thread#8" [stack: 0x000000b95a400000,0x000000b95a500000] [id=10692]
  0x000002931edd2000 GCTaskThread "GC Thread#9" [stack: 0x000000b95a500000,0x000000b95a600000] [id=13244]
  0x000002937c6ec800 ConcurrentGCThread "G1 Main Marker" [stack: 0x000000b958100000,0x000000b958200000] [id=7384]
  0x000002937c6ed800 ConcurrentGCThread "G1 Conc#0" [stack: 0x000000b958200000,0x000000b958300000] [id=7516]
  0x000002931d20a000 ConcurrentGCThread "G1 Conc#1" [stack: 0x000000b95a600000,0x000000b95a700000] [id=15268]
  0x000002931edad800 ConcurrentGCThread "G1 Conc#2" [stack: 0x000000b95a700000,0x000000b95a800000] [id=8212]
  0x000002931aea4800 ConcurrentGCThread "G1 Refine#0" [stack: 0x000000b958300000,0x000000b958400000] [id=6536]
  0x000002931aea5800 ConcurrentGCThread "G1 Young RemSet Sampling" [stack: 0x000000b958400000,0x000000b958500000] [id=1636]

Threads with active compile tasks:
C2 CompilerThread0   4577 3695       4       org.codehaus.groovy.reflection.CachedMethod::compareTo (25 bytes)
C2 CompilerThread1   4578 3702 % !   4       java.util.concurrent.ConcurrentHashMap::transfer @ 437 (828 bytes)
C2 CompilerThread2   4578 3610   !   4       java.net.URLClassLoader$1::run (63 bytes)

VM state:not at safepoint (normal execution)

VM Mutex/Monitor currently owned by a thread: None

Heap address: 0x0000000080000000, size: 2048 MB, Compressed Oops mode: 32-bit
Narrow klass base: 0x0000000000000000, Narrow klass shift: 3
Compressed class space size: 1073741824 Address: 0x0000000100000000

Heap:
 garbage-first heap   total 258048K, used 146498K [0x0000000080000000, 0x0000000100000000)
  region size 1024K, 125 young (128000K), 6 survivors (6144K)
 Metaspace       used 45131K, capacity 46253K, committed 46464K, reserved 1089536K
  class space    used 5815K, capacity 6205K, committed 6272K, reserved 1048576K
Heap Regions: E=young(eden), S=young(survivor), O=old, HS=humongous(starts), HC=humongous(continues), CS=collection set, F=free, A=archive, TAMS=top-at-mark-start (previous, next)
|   0|0x0000000080000000, 0x0000000080100000, 0x0000000080100000|100%| O|  |TAMS 0x0000000080100000, 0x0000000080000000| Untracked 
|   1|0x0000000080100000, 0x0000000080200000, 0x0000000080200000|100%| O|  |TAMS 0x0000000080200000, 0x0000000080100000| Untracked 
|   2|0x0000000080200000, 0x0000000080300000, 0x0000000080300000|100%| O|  |TAMS 0x0000000080300000, 0x0000000080200000| Untracked 
|   3|0x0000000080300000, 0x0000000080400000, 0x0000000080400000|100%|HS|  |TAMS 0x0000000080400000, 0x0000000080300000| Complete 
|   4|0x0000000080400000, 0x0000000080500000, 0x0000000080500000|100%|HC|  |TAMS 0x0000000080500000, 0x0000000080400000| Complete 
|   5|0x0000000080500000, 0x0000000080600000, 0x0000000080600000|100%|HC|  |TAMS 0x0000000080600000, 0x0000000080500000| Complete 
|   6|0x0000000080600000, 0x0000000080700000, 0x0000000080700000|100%| O|  |TAMS 0x0000000080700000, 0x0000000080600000| Untracked 
|   7|0x0000000080700000, 0x0000000080800000, 0x0000000080800000|100%| O|  |TAMS 0x0000000080800000, 0x0000000080700000| Untracked 
|   8|0x0000000080800000, 0x0000000080900000, 0x0000000080900000|100%| O|  |TAMS 0x0000000080900000, 0x0000000080800000| Untracked 
|   9|0x0000000080900000, 0x0000000080a00000, 0x0000000080a00000|100%| O|  |TAMS 0x0000000080a00000, 0x0000000080900000| Untracked 
|  10|0x0000000080a00000, 0x0000000080b00000, 0x0000000080b00000|100%| O|  |TAMS 0x0000000080b00000, 0x0000000080a00000| Untracked 
|  11|0x0000000080b00000, 0x0000000080c00000, 0x0000000080c00000|100%| O|  |TAMS 0x0000000080c00000, 0x0000000080b00000| Untracked 
|  12|0x0000000080c00000, 0x0000000080d00000, 0x0000000080d00000|100%| O|  |TAMS 0x0000000080d00000, 0x0000000080c00000| Untracked 
|  13|0x0000000080d00000, 0x0000000080e00000, 0x0000000080e00000|100%| O|  |TAMS 0x0000000080e00000, 0x0000000080d00000| Untracked 
|  14|0x0000000080e00000, 0x0000000080f00000, 0x0000000080f00000|100%| O|  |TAMS 0x0000000080f00000, 0x0000000080e00000| Untracked 
|  15|0x0000000080f00000, 0x0000000081000000, 0x0000000081000000|100%| O|  |TAMS 0x0000000081000000, 0x0000000080f00000| Untracked 
|  16|0x0000000081000000, 0x00000000810ccc00, 0x0000000081100000| 79%| O|  |TAMS 0x00000000810ccc00, 0x0000000081000000| Untracked 
|  17|0x0000000081100000, 0x0000000081200000, 0x0000000081200000|100%|HS|  |TAMS 0x0000000081100000, 0x0000000081100000| Complete 
|  18|0x0000000081200000, 0x0000000081300000, 0x0000000081300000|100%|HS|  |TAMS 0x0000000081200000, 0x0000000081200000| Complete 
|  19|0x0000000081300000, 0x0000000081400000, 0x0000000081400000|100%|HC|  |TAMS 0x0000000081300000, 0x0000000081300000| Complete 
|  20|0x0000000081400000, 0x0000000081500000, 0x0000000081500000|100%|HS|  |TAMS 0x0000000081400000, 0x0000000081400000| Complete 
|  21|0x0000000081500000, 0x0000000081500000, 0x0000000081600000|  0%| F|  |TAMS 0x0000000081500000, 0x0000000081500000| Untracked 
|  22|0x0000000081600000, 0x0000000081600000, 0x0000000081700000|  0%| F|  |TAMS 0x0000000081600000, 0x0000000081600000| Untracked 
|  23|0x0000000081700000, 0x0000000081700000, 0x0000000081800000|  0%| F|  |TAMS 0x0000000081700000, 0x0000000081700000| Untracked 
|  24|0x0000000081800000, 0x0000000081800000, 0x0000000081900000|  0%| F|  |TAMS 0x0000000081800000, 0x0000000081800000| Untracked 
|  25|0x0000000081900000, 0x0000000081900000, 0x0000000081a00000|  0%| F|  |TAMS 0x0000000081900000, 0x0000000081900000| Untracked 
|  26|0x0000000081a00000, 0x0000000081a00000, 0x0000000081b00000|  0%| F|  |TAMS 0x0000000081a00000, 0x0000000081a00000| Untracked 
|  27|0x0000000081b00000, 0x0000000081b00000, 0x0000000081c00000|  0%| F|  |TAMS 0x0000000081b00000, 0x0000000081b00000| Untracked 
|  28|0x0000000081c00000, 0x0000000081c00000, 0x0000000081d00000|  0%| F|  |TAMS 0x0000000081c00000, 0x0000000081c00000| Untracked 
|  29|0x0000000081d00000, 0x0000000081d00000, 0x0000000081e00000|  0%| F|  |TAMS 0x0000000081d00000, 0x0000000081d00000| Untracked 
|  30|0x0000000081e00000, 0x0000000081e00000, 0x0000000081f00000|  0%| F|  |TAMS 0x0000000081e00000, 0x0000000081e00000| Untracked 
|  31|0x0000000081f00000, 0x0000000081f00000, 0x0000000082000000|  0%| F|  |TAMS 0x0000000081f00000, 0x0000000081f00000| Untracked 
|  32|0x0000000082000000, 0x0000000082000000, 0x0000000082100000|  0%| F|  |TAMS 0x0000000082000000, 0x0000000082000000| Untracked 
|  33|0x0000000082100000, 0x0000000082100000, 0x0000000082200000|  0%| F|  |TAMS 0x0000000082100000, 0x0000000082100000| Untracked 
|  34|0x0000000082200000, 0x0000000082200000, 0x0000000082300000|  0%| F|  |TAMS 0x0000000082200000, 0x0000000082200000| Untracked 
|  35|0x0000000082300000, 0x0000000082300000, 0x0000000082400000|  0%| F|  |TAMS 0x0000000082300000, 0x0000000082300000| Untracked 
|  36|0x0000000082400000, 0x0000000082400000, 0x0000000082500000|  0%| F|  |TAMS 0x0000000082400000, 0x0000000082400000| Untracked 
|  37|0x0000000082500000, 0x0000000082500000, 0x0000000082600000|  0%| F|  |TAMS 0x0000000082500000, 0x0000000082500000| Untracked 
|  38|0x0000000082600000, 0x0000000082600000, 0x0000000082700000|  0%| F|  |TAMS 0x0000000082600000, 0x0000000082600000| Untracked 
|  39|0x0000000082700000, 0x0000000082700000, 0x0000000082800000|  0%| F|  |TAMS 0x0000000082700000, 0x0000000082700000| Untracked 
|  40|0x0000000082800000, 0x0000000082800000, 0x0000000082900000|  0%| F|  |TAMS 0x0000000082800000, 0x0000000082800000| Untracked 
|  41|0x0000000082900000, 0x0000000082900000, 0x0000000082a00000|  0%| F|  |TAMS 0x0000000082900000, 0x0000000082900000| Untracked 
|  42|0x0000000082a00000, 0x0000000082a00000, 0x0000000082b00000|  0%| F|  |TAMS 0x0000000082a00000, 0x0000000082a00000| Untracked 
|  43|0x0000000082b00000, 0x0000000082b00000, 0x0000000082c00000|  0%| F|  |TAMS 0x0000000082b00000, 0x0000000082b00000| Untracked 
|  44|0x0000000082c00000, 0x0000000082c00000, 0x0000000082d00000|  0%| F|  |TAMS 0x0000000082c00000, 0x0000000082c00000| Untracked 
|  45|0x0000000082d00000, 0x0000000082d00000, 0x0000000082e00000|  0%| F|  |TAMS 0x0000000082d00000, 0x0000000082d00000| Untracked 
|  46|0x0000000082e00000, 0x0000000082e00000, 0x0000000082f00000|  0%| F|  |TAMS 0x0000000082e00000, 0x0000000082e00000| Untracked 
|  47|0x0000000082f00000, 0x0000000082f00000, 0x0000000083000000|  0%| F|  |TAMS 0x0000000082f00000, 0x0000000082f00000| Untracked 
|  48|0x0000000083000000, 0x0000000083000000, 0x0000000083100000|  0%| F|  |TAMS 0x0000000083000000, 0x0000000083000000| Untracked 
|  49|0x0000000083100000, 0x0000000083100000, 0x0000000083200000|  0%| F|  |TAMS 0x0000000083100000, 0x0000000083100000| Untracked 
|  50|0x0000000083200000, 0x0000000083200000, 0x0000000083300000|  0%| F|  |TAMS 0x0000000083200000, 0x0000000083200000| Untracked 
|  51|0x0000000083300000, 0x0000000083300000, 0x0000000083400000|  0%| F|  |TAMS 0x0000000083300000, 0x0000000083300000| Untracked 
|  52|0x0000000083400000, 0x0000000083400000, 0x0000000083500000|  0%| F|  |TAMS 0x0000000083400000, 0x0000000083400000| Untracked 
|  53|0x0000000083500000, 0x0000000083500000, 0x0000000083600000|  0%| F|  |TAMS 0x0000000083500000, 0x0000000083500000| Untracked 
|  54|0x0000000083600000, 0x0000000083600000, 0x0000000083700000|  0%| F|  |TAMS 0x0000000083600000, 0x0000000083600000| Untracked 
|  55|0x0000000083700000, 0x0000000083700000, 0x0000000083800000|  0%| F|  |TAMS 0x0000000083700000, 0x0000000083700000| Untracked 
|  56|0x0000000083800000, 0x0000000083800000, 0x0000000083900000|  0%| F|  |TAMS 0x0000000083800000, 0x0000000083800000| Untracked 
|  57|0x0000000083900000, 0x0000000083900000, 0x0000000083a00000|  0%| F|  |TAMS 0x0000000083900000, 0x0000000083900000| Untracked 
|  58|0x0000000083a00000, 0x0000000083a00000, 0x0000000083b00000|  0%| F|  |TAMS 0x0000000083a00000, 0x0000000083a00000| Untracked 
|  59|0x0000000083b00000, 0x0000000083b00000, 0x0000000083c00000|  0%| F|  |TAMS 0x0000000083b00000, 0x0000000083b00000| Untracked 
|  60|0x0000000083c00000, 0x0000000083c00000, 0x0000000083d00000|  0%| F|  |TAMS 0x0000000083c00000, 0x0000000083c00000| Untracked 
|  61|0x0000000083d00000, 0x0000000083d00000, 0x0000000083e00000|  0%| F|  |TAMS 0x0000000083d00000, 0x0000000083d00000| Untracked 
|  62|0x0000000083e00000, 0x0000000083e00000, 0x0000000083f00000|  0%| F|  |TAMS 0x0000000083e00000, 0x0000000083e00000| Untracked 
|  63|0x0000000083f00000, 0x0000000083f00000, 0x0000000084000000|  0%| F|  |TAMS 0x0000000083f00000, 0x0000000083f00000| Untracked 
|  64|0x0000000084000000, 0x0000000084000000, 0x0000000084100000|  0%| F|  |TAMS 0x0000000084000000, 0x0000000084000000| Untracked 
|  65|0x0000000084100000, 0x0000000084100000, 0x0000000084200000|  0%| F|  |TAMS 0x0000000084100000, 0x0000000084100000| Untracked 
|  66|0x0000000084200000, 0x0000000084200000, 0x0000000084300000|  0%| F|  |TAMS 0x0000000084200000, 0x0000000084200000| Untracked 
|  67|0x0000000084300000, 0x0000000084300000, 0x0000000084400000|  0%| F|  |TAMS 0x0000000084300000, 0x0000000084300000| Untracked 
|  68|0x0000000084400000, 0x0000000084400000, 0x0000000084500000|  0%| F|  |TAMS 0x0000000084400000, 0x0000000084400000| Untracked 
|  69|0x0000000084500000, 0x0000000084500000, 0x0000000084600000|  0%| F|  |TAMS 0x0000000084500000, 0x0000000084500000| Untracked 
|  70|0x0000000084600000, 0x0000000084600000, 0x0000000084700000|  0%| F|  |TAMS 0x0000000084600000, 0x0000000084600000| Untracked 
|  71|0x0000000084700000, 0x0000000084700000, 0x0000000084800000|  0%| F|  |TAMS 0x0000000084700000, 0x0000000084700000| Untracked 
|  72|0x0000000084800000, 0x0000000084800000, 0x0000000084900000|  0%| F|  |TAMS 0x0000000084800000, 0x0000000084800000| Untracked 
|  73|0x0000000084900000, 0x0000000084900000, 0x0000000084a00000|  0%| F|  |TAMS 0x0000000084900000, 0x0000000084900000| Untracked 
|  74|0x0000000084a00000, 0x0000000084a00000, 0x0000000084b00000|  0%| F|  |TAMS 0x0000000084a00000, 0x0000000084a00000| Untracked 
|  75|0x0000000084b00000, 0x0000000084b00000, 0x0000000084c00000|  0%| F|  |TAMS 0x0000000084b00000, 0x0000000084b00000| Untracked 
|  76|0x0000000084c00000, 0x0000000084c00000, 0x0000000084d00000|  0%| F|  |TAMS 0x0000000084c00000, 0x0000000084c00000| Untracked 
|  77|0x0000000084d00000, 0x0000000084d00000, 0x0000000084e00000|  0%| F|  |TAMS 0x0000000084d00000, 0x0000000084d00000| Untracked 
|  78|0x0000000084e00000, 0x0000000084e00000, 0x0000000084f00000|  0%| F|  |TAMS 0x0000000084e00000, 0x0000000084e00000| Untracked 
|  79|0x0000000084f00000, 0x0000000084f00000, 0x0000000085000000|  0%| F|  |TAMS 0x0000000084f00000, 0x0000000084f00000| Untracked 
|  80|0x0000000085000000, 0x0000000085000000, 0x0000000085100000|  0%| F|  |TAMS 0x0000000085000000, 0x0000000085000000| Untracked 
|  81|0x0000000085100000, 0x0000000085100000, 0x0000000085200000|  0%| F|  |TAMS 0x0000000085100000, 0x0000000085100000| Untracked 
|  82|0x0000000085200000, 0x0000000085200000, 0x0000000085300000|  0%| F|  |TAMS 0x0000000085200000, 0x0000000085200000| Untracked 
|  83|0x0000000085300000, 0x0000000085300000, 0x0000000085400000|  0%| F|  |TAMS 0x0000000085300000, 0x0000000085300000| Untracked 
|  84|0x0000000085400000, 0x0000000085400000, 0x0000000085500000|  0%| F|  |TAMS 0x0000000085400000, 0x0000000085400000| Untracked 
|  85|0x0000000085500000, 0x0000000085500000, 0x0000000085600000|  0%| F|  |TAMS 0x0000000085500000, 0x0000000085500000| Untracked 
|  86|0x0000000085600000, 0x0000000085600000, 0x0000000085700000|  0%| F|  |TAMS 0x0000000085600000, 0x0000000085600000| Untracked 
|  87|0x0000000085700000, 0x0000000085700000, 0x0000000085800000|  0%| F|  |TAMS 0x0000000085700000, 0x0000000085700000| Untracked 
|  88|0x0000000085800000, 0x0000000085800000, 0x0000000085900000|  0%| F|  |TAMS 0x0000000085800000, 0x0000000085800000| Untracked 
|  89|0x0000000085900000, 0x0000000085900000, 0x0000000085a00000|  0%| F|  |TAMS 0x0000000085900000, 0x0000000085900000| Untracked 
|  90|0x0000000085a00000, 0x0000000085a00000, 0x0000000085b00000|  0%| F|  |TAMS 0x0000000085a00000, 0x0000000085a00000| Untracked 
|  91|0x0000000085b00000, 0x0000000085b00000, 0x0000000085c00000|  0%| F|  |TAMS 0x0000000085b00000, 0x0000000085b00000| Untracked 
|  92|0x0000000085c00000, 0x0000000085c00000, 0x0000000085d00000|  0%| F|  |TAMS 0x0000000085c00000, 0x0000000085c00000| Untracked 
|  93|0x0000000085d00000, 0x0000000085d00000, 0x0000000085e00000|  0%| F|  |TAMS 0x0000000085d00000, 0x0000000085d00000| Untracked 
|  94|0x0000000085e00000, 0x0000000085e00000, 0x0000000085f00000|  0%| F|  |TAMS 0x0000000085e00000, 0x0000000085e00000| Untracked 
|  95|0x0000000085f00000, 0x0000000085f00000, 0x0000000086000000|  0%| F|  |TAMS 0x0000000085f00000, 0x0000000085f00000| Untracked 
|  96|0x0000000086000000, 0x0000000086000000, 0x0000000086100000|  0%| F|  |TAMS 0x0000000086000000, 0x0000000086000000| Untracked 
|  97|0x0000000086100000, 0x0000000086100000, 0x0000000086200000|  0%| F|  |TAMS 0x0000000086100000, 0x0000000086100000| Untracked 
|  98|0x0000000086200000, 0x0000000086200000, 0x0000000086300000|  0%| F|  |TAMS 0x0000000086200000, 0x0000000086200000| Untracked 
|  99|0x0000000086300000, 0x0000000086300000, 0x0000000086400000|  0%| F|  |TAMS 0x0000000086300000, 0x0000000086300000| Untracked 
| 100|0x0000000086400000, 0x0000000086400000, 0x0000000086500000|  0%| F|  |TAMS 0x0000000086400000, 0x0000000086400000| Untracked 
| 101|0x0000000086500000, 0x0000000086500000, 0x0000000086600000|  0%| F|  |TAMS 0x0000000086500000, 0x0000000086500000| Untracked 
| 102|0x0000000086600000, 0x0000000086600000, 0x0000000086700000|  0%| F|  |TAMS 0x0000000086600000, 0x0000000086600000| Untracked 
| 103|0x0000000086700000, 0x0000000086700000, 0x0000000086800000|  0%| F|  |TAMS 0x0000000086700000, 0x0000000086700000| Untracked 
| 104|0x0000000086800000, 0x0000000086800000, 0x0000000086900000|  0%| F|  |TAMS 0x0000000086800000, 0x0000000086800000| Untracked 
| 105|0x0000000086900000, 0x0000000086900000, 0x0000000086a00000|  0%| F|  |TAMS 0x0000000086900000, 0x0000000086900000| Untracked 
| 106|0x0000000086a00000, 0x0000000086a00000, 0x0000000086b00000|  0%| F|  |TAMS 0x0000000086a00000, 0x0000000086a00000| Untracked 
| 107|0x0000000086b00000, 0x0000000086b00000, 0x0000000086c00000|  0%| F|  |TAMS 0x0000000086b00000, 0x0000000086b00000| Untracked 
| 108|0x0000000086c00000, 0x0000000086c00000, 0x0000000086d00000|  0%| F|  |TAMS 0x0000000086c00000, 0x0000000086c00000| Untracked 
| 109|0x0000000086d00000, 0x0000000086d00000, 0x0000000086e00000|  0%| F|  |TAMS 0x0000000086d00000, 0x0000000086d00000| Untracked 
| 110|0x0000000086e00000, 0x0000000086e00000, 0x0000000086f00000|  0%| F|  |TAMS 0x0000000086e00000, 0x0000000086e00000| Untracked 
| 111|0x0000000086f00000, 0x0000000086f00000, 0x0000000087000000|  0%| F|  |TAMS 0x0000000086f00000, 0x0000000086f00000| Untracked 
| 112|0x0000000087000000, 0x0000000087000000, 0x0000000087100000|  0%| F|  |TAMS 0x0000000087000000, 0x0000000087000000| Untracked 
| 113|0x0000000087100000, 0x0000000087100000, 0x0000000087200000|  0%| F|  |TAMS 0x0000000087100000, 0x0000000087100000| Untracked 
| 114|0x0000000087200000, 0x0000000087200000, 0x0000000087300000|  0%| F|  |TAMS 0x0000000087200000, 0x0000000087200000| Untracked 
| 115|0x0000000087300000, 0x0000000087300000, 0x0000000087400000|  0%| F|  |TAMS 0x0000000087300000, 0x0000000087300000| Untracked 
| 116|0x0000000087400000, 0x0000000087400000, 0x0000000087500000|  0%| F|  |TAMS 0x0000000087400000, 0x0000000087400000| Untracked 
| 117|0x0000000087500000, 0x0000000087500000, 0x0000000087600000|  0%| F|  |TAMS 0x0000000087500000, 0x0000000087500000| Untracked 
| 118|0x0000000087600000, 0x0000000087600000, 0x0000000087700000|  0%| F|  |TAMS 0x0000000087600000, 0x0000000087600000| Untracked 
| 119|0x0000000087700000, 0x0000000087700000, 0x0000000087800000|  0%| F|  |TAMS 0x0000000087700000, 0x0000000087700000| Untracked 
| 120|0x0000000087800000, 0x0000000087800000, 0x0000000087900000|  0%| F|  |TAMS 0x0000000087800000, 0x0000000087800000| Untracked 
| 121|0x0000000087900000, 0x0000000087900000, 0x0000000087a00000|  0%| F|  |TAMS 0x0000000087900000, 0x0000000087900000| Untracked 
| 122|0x0000000087a00000, 0x0000000087a00000, 0x0000000087b00000|  0%| F|  |TAMS 0x0000000087a00000, 0x0000000087a00000| Untracked 
| 123|0x0000000087b00000, 0x0000000087b00000, 0x0000000087c00000|  0%| F|  |TAMS 0x0000000087b00000, 0x0000000087b00000| Untracked 
| 124|0x0000000087c00000, 0x0000000087c00000, 0x0000000087d00000|  0%| F|  |TAMS 0x0000000087c00000, 0x0000000087c00000| Untracked 
| 125|0x0000000087d00000, 0x0000000087d00000, 0x0000000087e00000|  0%| F|  |TAMS 0x0000000087d00000, 0x0000000087d00000| Untracked 
| 126|0x0000000087e00000, 0x0000000087e80800, 0x0000000087f00000| 50%| E|  |TAMS 0x0000000087e00000, 0x0000000087e00000| Complete 
| 127|0x0000000087f00000, 0x0000000088000000, 0x0000000088000000|100%| E|CS|TAMS 0x0000000087f00000, 0x0000000087f00000| Complete 
| 128|0x0000000088000000, 0x0000000088100000, 0x0000000088100000|100%| E|CS|TAMS 0x0000000088000000, 0x0000000088000000| Complete 
| 129|0x0000000088100000, 0x0000000088200000, 0x0000000088200000|100%| E|CS|TAMS 0x0000000088100000, 0x0000000088100000| Complete 
| 130|0x0000000088200000, 0x0000000088300000, 0x0000000088300000|100%| E|CS|TAMS 0x0000000088200000, 0x0000000088200000| Complete 
| 131|0x0000000088300000, 0x0000000088400000, 0x0000000088400000|100%| E|CS|TAMS 0x0000000088300000, 0x0000000088300000| Complete 
| 132|0x0000000088400000, 0x0000000088500000, 0x0000000088500000|100%| E|CS|TAMS 0x0000000088400000, 0x0000000088400000| Complete 
| 133|0x0000000088500000, 0x0000000088600000, 0x0000000088600000|100%| E|CS|TAMS 0x0000000088500000, 0x0000000088500000| Complete 
| 134|0x0000000088600000, 0x0000000088700000, 0x0000000088700000|100%| E|CS|TAMS 0x0000000088600000, 0x0000000088600000| Complete 
| 135|0x0000000088700000, 0x0000000088800000, 0x0000000088800000|100%| E|CS|TAMS 0x0000000088700000, 0x0000000088700000| Complete 
| 136|0x0000000088800000, 0x0000000088900000, 0x0000000088900000|100%| E|CS|TAMS 0x0000000088800000, 0x0000000088800000| Complete 
| 137|0x0000000088900000, 0x0000000088a00000, 0x0000000088a00000|100%| E|CS|TAMS 0x0000000088900000, 0x0000000088900000| Complete 
| 138|0x0000000088a00000, 0x0000000088b00000, 0x0000000088b00000|100%| E|CS|TAMS 0x0000000088a00000, 0x0000000088a00000| Complete 
| 139|0x0000000088b00000, 0x0000000088c00000, 0x0000000088c00000|100%| E|CS|TAMS 0x0000000088b00000, 0x0000000088b00000| Complete 
| 140|0x0000000088c00000, 0x0000000088d00000, 0x0000000088d00000|100%| E|CS|TAMS 0x0000000088c00000, 0x0000000088c00000| Complete 
| 141|0x0000000088d00000, 0x0000000088e00000, 0x0000000088e00000|100%| E|CS|TAMS 0x0000000088d00000, 0x0000000088d00000| Complete 
| 142|0x0000000088e00000, 0x0000000088f00000, 0x0000000088f00000|100%| E|CS|TAMS 0x0000000088e00000, 0x0000000088e00000| Complete 
| 143|0x0000000088f00000, 0x0000000089000000, 0x0000000089000000|100%| E|CS|TAMS 0x0000000088f00000, 0x0000000088f00000| Complete 
| 144|0x0000000089000000, 0x0000000089100000, 0x0000000089100000|100%| E|CS|TAMS 0x0000000089000000, 0x0000000089000000| Complete 
| 145|0x0000000089100000, 0x0000000089200000, 0x0000000089200000|100%| E|CS|TAMS 0x0000000089100000, 0x0000000089100000| Complete 
| 146|0x0000000089200000, 0x0000000089300000, 0x0000000089300000|100%| E|CS|TAMS 0x0000000089200000, 0x0000000089200000| Complete 
| 147|0x0000000089300000, 0x0000000089400000, 0x0000000089400000|100%| E|CS|TAMS 0x0000000089300000, 0x0000000089300000| Complete 
| 148|0x0000000089400000, 0x0000000089500000, 0x0000000089500000|100%| E|CS|TAMS 0x0000000089400000, 0x0000000089400000| Complete 
| 149|0x0000000089500000, 0x0000000089600000, 0x0000000089600000|100%| E|CS|TAMS 0x0000000089500000, 0x0000000089500000| Complete 
| 150|0x0000000089600000, 0x0000000089700000, 0x0000000089700000|100%| E|CS|TAMS 0x0000000089600000, 0x0000000089600000| Complete 
| 151|0x0000000089700000, 0x0000000089800000, 0x0000000089800000|100%| E|CS|TAMS 0x0000000089700000, 0x0000000089700000| Complete 
| 152|0x0000000089800000, 0x0000000089900000, 0x0000000089900000|100%| E|CS|TAMS 0x0000000089800000, 0x0000000089800000| Complete 
| 153|0x0000000089900000, 0x0000000089a00000, 0x0000000089a00000|100%| E|CS|TAMS 0x0000000089900000, 0x0000000089900000| Complete 
| 154|0x0000000089a00000, 0x0000000089b00000, 0x0000000089b00000|100%| E|  |TAMS 0x0000000089a00000, 0x0000000089a00000| Complete 
| 155|0x0000000089b00000, 0x0000000089c00000, 0x0000000089c00000|100%| E|CS|TAMS 0x0000000089b00000, 0x0000000089b00000| Complete 
| 156|0x0000000089c00000, 0x0000000089d00000, 0x0000000089d00000|100%| E|CS|TAMS 0x0000000089c00000, 0x0000000089c00000| Complete 
| 157|0x0000000089d00000, 0x0000000089e00000, 0x0000000089e00000|100%| E|CS|TAMS 0x0000000089d00000, 0x0000000089d00000| Complete 
| 158|0x0000000089e00000, 0x0000000089e43f80, 0x0000000089f00000| 26%| S|CS|TAMS 0x0000000089e00000, 0x0000000089e00000| Complete 
| 159|0x0000000089f00000, 0x000000008a000000, 0x000000008a000000|100%| S|CS|TAMS 0x0000000089f00000, 0x0000000089f00000| Complete 
| 160|0x000000008a000000, 0x000000008a100000, 0x000000008a100000|100%| S|CS|TAMS 0x000000008a000000, 0x000000008a000000| Complete 
| 161|0x000000008a100000, 0x000000008a200000, 0x000000008a200000|100%| S|CS|TAMS 0x000000008a100000, 0x000000008a100000| Complete 
| 162|0x000000008a200000, 0x000000008a300000, 0x000000008a300000|100%| S|CS|TAMS 0x000000008a200000, 0x000000008a200000| Complete 
| 163|0x000000008a300000, 0x000000008a400000, 0x000000008a400000|100%| S|CS|TAMS 0x000000008a300000, 0x000000008a300000| Complete 
| 164|0x000000008a400000, 0x000000008a500000, 0x000000008a500000|100%| E|CS|TAMS 0x000000008a400000, 0x000000008a400000| Complete 
| 165|0x000000008a500000, 0x000000008a600000, 0x000000008a600000|100%| E|CS|TAMS 0x000000008a500000, 0x000000008a500000| Complete 
| 166|0x000000008a600000, 0x000000008a700000, 0x000000008a700000|100%| E|CS|TAMS 0x000000008a600000, 0x000000008a600000| Complete 
| 167|0x000000008a700000, 0x000000008a800000, 0x000000008a800000|100%| E|CS|TAMS 0x000000008a700000, 0x000000008a700000| Complete 
| 168|0x000000008a800000, 0x000000008a900000, 0x000000008a900000|100%| E|CS|TAMS 0x000000008a800000, 0x000000008a800000| Complete 
| 169|0x000000008a900000, 0x000000008aa00000, 0x000000008aa00000|100%| E|CS|TAMS 0x000000008a900000, 0x000000008a900000| Complete 
| 170|0x000000008aa00000, 0x000000008ab00000, 0x000000008ab00000|100%| E|CS|TAMS 0x000000008aa00000, 0x000000008aa00000| Complete 
| 171|0x000000008ab00000, 0x000000008ac00000, 0x000000008ac00000|100%| E|CS|TAMS 0x000000008ab00000, 0x000000008ab00000| Complete 
| 172|0x000000008ac00000, 0x000000008ad00000, 0x000000008ad00000|100%| E|CS|TAMS 0x000000008ac00000, 0x000000008ac00000| Complete 
| 173|0x000000008ad00000, 0x000000008ae00000, 0x000000008ae00000|100%| E|CS|TAMS 0x000000008ad00000, 0x000000008ad00000| Complete 
| 174|0x000000008ae00000, 0x000000008af00000, 0x000000008af00000|100%| E|CS|TAMS 0x000000008ae00000, 0x000000008ae00000| Complete 
| 175|0x000000008af00000, 0x000000008b000000, 0x000000008b000000|100%| E|CS|TAMS 0x000000008af00000, 0x000000008af00000| Complete 
| 176|0x000000008b000000, 0x000000008b100000, 0x000000008b100000|100%| E|CS|TAMS 0x000000008b000000, 0x000000008b000000| Complete 
| 177|0x000000008b100000, 0x000000008b200000, 0x000000008b200000|100%| E|CS|TAMS 0x000000008b100000, 0x000000008b100000| Complete 
| 178|0x000000008b200000, 0x000000008b300000, 0x000000008b300000|100%| E|CS|TAMS 0x000000008b200000, 0x000000008b200000| Complete 
| 179|0x000000008b300000, 0x000000008b400000, 0x000000008b400000|100%| E|CS|TAMS 0x000000008b300000, 0x000000008b300000| Complete 
| 180|0x000000008b400000, 0x000000008b500000, 0x000000008b500000|100%| E|CS|TAMS 0x000000008b400000, 0x000000008b400000| Complete 
| 181|0x000000008b500000, 0x000000008b600000, 0x000000008b600000|100%| E|CS|TAMS 0x000000008b500000, 0x000000008b500000| Complete 
| 182|0x000000008b600000, 0x000000008b700000, 0x000000008b700000|100%| E|CS|TAMS 0x000000008b600000, 0x000000008b600000| Complete 
| 183|0x000000008b700000, 0x000000008b800000, 0x000000008b800000|100%| E|CS|TAMS 0x000000008b700000, 0x000000008b700000| Complete 
| 184|0x000000008b800000, 0x000000008b900000, 0x000000008b900000|100%| E|CS|TAMS 0x000000008b800000, 0x000000008b800000| Complete 
| 185|0x000000008b900000, 0x000000008ba00000, 0x000000008ba00000|100%| E|CS|TAMS 0x000000008b900000, 0x000000008b900000| Complete 
| 186|0x000000008ba00000, 0x000000008bb00000, 0x000000008bb00000|100%| E|CS|TAMS 0x000000008ba00000, 0x000000008ba00000| Complete 
| 187|0x000000008bb00000, 0x000000008bc00000, 0x000000008bc00000|100%| E|CS|TAMS 0x000000008bb00000, 0x000000008bb00000| Complete 
| 188|0x000000008bc00000, 0x000000008bd00000, 0x000000008bd00000|100%| E|CS|TAMS 0x000000008bc00000, 0x000000008bc00000| Complete 
| 189|0x000000008bd00000, 0x000000008be00000, 0x000000008be00000|100%| E|CS|TAMS 0x000000008bd00000, 0x000000008bd00000| Complete 
| 190|0x000000008be00000, 0x000000008bf00000, 0x000000008bf00000|100%| E|CS|TAMS 0x000000008be00000, 0x000000008be00000| Complete 
| 191|0x000000008bf00000, 0x000000008c000000, 0x000000008c000000|100%| E|CS|TAMS 0x000000008bf00000, 0x000000008bf00000| Complete 
| 192|0x000000008c000000, 0x000000008c100000, 0x000000008c100000|100%| E|CS|TAMS 0x000000008c000000, 0x000000008c000000| Complete 
| 193|0x000000008c100000, 0x000000008c200000, 0x000000008c200000|100%| E|CS|TAMS 0x000000008c100000, 0x000000008c100000| Complete 
| 194|0x000000008c200000, 0x000000008c300000, 0x000000008c300000|100%| E|CS|TAMS 0x000000008c200000, 0x000000008c200000| Complete 
| 195|0x000000008c300000, 0x000000008c400000, 0x000000008c400000|100%| E|CS|TAMS 0x000000008c300000, 0x000000008c300000| Complete 
| 196|0x000000008c400000, 0x000000008c500000, 0x000000008c500000|100%| E|CS|TAMS 0x000000008c400000, 0x000000008c400000| Complete 
| 197|0x000000008c500000, 0x000000008c600000, 0x000000008c600000|100%| E|CS|TAMS 0x000000008c500000, 0x000000008c500000| Complete 
| 198|0x000000008c600000, 0x000000008c700000, 0x000000008c700000|100%| E|CS|TAMS 0x000000008c600000, 0x000000008c600000| Complete 
| 199|0x000000008c700000, 0x000000008c800000, 0x000000008c800000|100%| E|CS|TAMS 0x000000008c700000, 0x000000008c700000| Complete 
| 200|0x000000008c800000, 0x000000008c900000, 0x000000008c900000|100%| E|CS|TAMS 0x000000008c800000, 0x000000008c800000| Complete 
| 201|0x000000008c900000, 0x000000008ca00000, 0x000000008ca00000|100%| E|CS|TAMS 0x000000008c900000, 0x000000008c900000| Complete 
| 202|0x000000008ca00000, 0x000000008cb00000, 0x000000008cb00000|100%| E|CS|TAMS 0x000000008ca00000, 0x000000008ca00000| Complete 
| 203|0x000000008cb00000, 0x000000008cc00000, 0x000000008cc00000|100%| E|CS|TAMS 0x000000008cb00000, 0x000000008cb00000| Complete 
| 204|0x000000008cc00000, 0x000000008cd00000, 0x000000008cd00000|100%| E|CS|TAMS 0x000000008cc00000, 0x000000008cc00000| Complete 
| 205|0x000000008cd00000, 0x000000008ce00000, 0x000000008ce00000|100%| E|CS|TAMS 0x000000008cd00000, 0x000000008cd00000| Complete 
| 206|0x000000008ce00000, 0x000000008cf00000, 0x000000008cf00000|100%| E|CS|TAMS 0x000000008ce00000, 0x000000008ce00000| Complete 
| 207|0x000000008cf00000, 0x000000008d000000, 0x000000008d000000|100%| E|CS|TAMS 0x000000008cf00000, 0x000000008cf00000| Complete 
| 208|0x000000008d000000, 0x000000008d100000, 0x000000008d100000|100%| E|CS|TAMS 0x000000008d000000, 0x000000008d000000| Complete 
| 209|0x000000008d100000, 0x000000008d200000, 0x000000008d200000|100%| E|CS|TAMS 0x000000008d100000, 0x000000008d100000| Complete 
| 210|0x000000008d200000, 0x000000008d300000, 0x000000008d300000|100%| E|CS|TAMS 0x000000008d200000, 0x000000008d200000| Complete 
| 211|0x000000008d300000, 0x000000008d400000, 0x000000008d400000|100%| E|CS|TAMS 0x000000008d300000, 0x000000008d300000| Complete 
| 212|0x000000008d400000, 0x000000008d500000, 0x000000008d500000|100%| E|CS|TAMS 0x000000008d400000, 0x000000008d400000| Complete 
| 213|0x000000008d500000, 0x000000008d600000, 0x000000008d600000|100%| E|CS|TAMS 0x000000008d500000, 0x000000008d500000| Complete 
| 214|0x000000008d600000, 0x000000008d700000, 0x000000008d700000|100%| E|CS|TAMS 0x000000008d600000, 0x000000008d600000| Complete 
| 215|0x000000008d700000, 0x000000008d800000, 0x000000008d800000|100%| E|CS|TAMS 0x000000008d700000, 0x000000008d700000| Complete 
| 216|0x000000008d800000, 0x000000008d900000, 0x000000008d900000|100%| E|CS|TAMS 0x000000008d800000, 0x000000008d800000| Complete 
| 217|0x000000008d900000, 0x000000008da00000, 0x000000008da00000|100%| E|CS|TAMS 0x000000008d900000, 0x000000008d900000| Complete 
| 218|0x000000008da00000, 0x000000008db00000, 0x000000008db00000|100%| E|CS|TAMS 0x000000008da00000, 0x000000008da00000| Complete 
| 219|0x000000008db00000, 0x000000008dc00000, 0x000000008dc00000|100%| E|CS|TAMS 0x000000008db00000, 0x000000008db00000| Complete 
| 220|0x000000008dc00000, 0x000000008dd00000, 0x000000008dd00000|100%| E|CS|TAMS 0x000000008dc00000, 0x000000008dc00000| Complete 
| 221|0x000000008dd00000, 0x000000008de00000, 0x000000008de00000|100%| E|CS|TAMS 0x000000008dd00000, 0x000000008dd00000| Complete 
| 222|0x000000008de00000, 0x000000008df00000, 0x000000008df00000|100%| E|CS|TAMS 0x000000008de00000, 0x000000008de00000| Complete 
| 223|0x000000008df00000, 0x000000008e000000, 0x000000008e000000|100%| E|CS|TAMS 0x000000008df00000, 0x000000008df00000| Complete 
| 224|0x000000008e000000, 0x000000008e100000, 0x000000008e100000|100%| E|CS|TAMS 0x000000008e000000, 0x000000008e000000| Complete 
| 225|0x000000008e100000, 0x000000008e200000, 0x000000008e200000|100%| E|CS|TAMS 0x000000008e100000, 0x000000008e100000| Complete 
| 226|0x000000008e200000, 0x000000008e300000, 0x000000008e300000|100%| E|CS|TAMS 0x000000008e200000, 0x000000008e200000| Complete 
| 227|0x000000008e300000, 0x000000008e400000, 0x000000008e400000|100%| E|CS|TAMS 0x000000008e300000, 0x000000008e300000| Complete 
| 228|0x000000008e400000, 0x000000008e500000, 0x000000008e500000|100%| E|CS|TAMS 0x000000008e400000, 0x000000008e400000| Complete 
| 229|0x000000008e500000, 0x000000008e600000, 0x000000008e600000|100%| E|CS|TAMS 0x000000008e500000, 0x000000008e500000| Complete 
| 230|0x000000008e600000, 0x000000008e700000, 0x000000008e700000|100%| E|CS|TAMS 0x000000008e600000, 0x000000008e600000| Complete 
| 231|0x000000008e700000, 0x000000008e800000, 0x000000008e800000|100%| E|CS|TAMS 0x000000008e700000, 0x000000008e700000| Complete 
| 232|0x000000008e800000, 0x000000008e900000, 0x000000008e900000|100%| E|CS|TAMS 0x000000008e800000, 0x000000008e800000| Complete 
| 233|0x000000008e900000, 0x000000008ea00000, 0x000000008ea00000|100%| E|CS|TAMS 0x000000008e900000, 0x000000008e900000| Complete 
| 234|0x000000008ea00000, 0x000000008eb00000, 0x000000008eb00000|100%| E|CS|TAMS 0x000000008ea00000, 0x000000008ea00000| Complete 
| 235|0x000000008eb00000, 0x000000008ec00000, 0x000000008ec00000|100%| E|CS|TAMS 0x000000008eb00000, 0x000000008eb00000| Complete 
| 236|0x000000008ec00000, 0x000000008ed00000, 0x000000008ed00000|100%| E|CS|TAMS 0x000000008ec00000, 0x000000008ec00000| Complete 
| 237|0x000000008ed00000, 0x000000008ee00000, 0x000000008ee00000|100%| E|CS|TAMS 0x000000008ed00000, 0x000000008ed00000| Complete 
| 238|0x000000008ee00000, 0x000000008ef00000, 0x000000008ef00000|100%| E|CS|TAMS 0x000000008ee00000, 0x000000008ee00000| Complete 
| 239|0x000000008ef00000, 0x000000008f000000, 0x000000008f000000|100%| E|CS|TAMS 0x000000008ef00000, 0x000000008ef00000| Complete 
| 240|0x000000008f000000, 0x000000008f100000, 0x000000008f100000|100%| E|CS|TAMS 0x000000008f000000, 0x000000008f000000| Complete 
| 241|0x000000008f100000, 0x000000008f200000, 0x000000008f200000|100%| E|CS|TAMS 0x000000008f100000, 0x000000008f100000| Complete 
| 242|0x000000008f200000, 0x000000008f300000, 0x000000008f300000|100%| E|CS|TAMS 0x000000008f200000, 0x000000008f200000| Complete 
| 243|0x000000008f300000, 0x000000008f400000, 0x000000008f400000|100%| E|CS|TAMS 0x000000008f300000, 0x000000008f300000| Complete 
| 244|0x000000008f400000, 0x000000008f500000, 0x000000008f500000|100%| E|CS|TAMS 0x000000008f400000, 0x000000008f400000| Complete 
| 245|0x000000008f500000, 0x000000008f600000, 0x000000008f600000|100%| E|CS|TAMS 0x000000008f500000, 0x000000008f500000| Complete 
| 246|0x000000008f600000, 0x000000008f700000, 0x000000008f700000|100%| E|CS|TAMS 0x000000008f600000, 0x000000008f600000| Complete 
| 247|0x000000008f700000, 0x000000008f800000, 0x000000008f800000|100%| E|CS|TAMS 0x000000008f700000, 0x000000008f700000| Complete 
| 248|0x000000008f800000, 0x000000008f900000, 0x000000008f900000|100%| E|CS|TAMS 0x000000008f800000, 0x000000008f800000| Complete 
| 249|0x000000008f900000, 0x000000008fa00000, 0x000000008fa00000|100%| E|CS|TAMS 0x000000008f900000, 0x000000008f900000| Complete 
| 250|0x000000008fa00000, 0x000000008fb00000, 0x000000008fb00000|100%| E|CS|TAMS 0x000000008fa00000, 0x000000008fa00000| Complete 
| 251|0x000000008fb00000, 0x000000008fc00000, 0x000000008fc00000|100%| E|CS|TAMS 0x000000008fb00000, 0x000000008fb00000| Complete 

Card table byte_map: [0x0000029313ae0000,0x0000029313ee0000] _byte_map_base: 0x00000293136e0000

Marking Bits (Prev, Next): (CMBitMap*) 0x000002937c6e3998, (CMBitMap*) 0x000002937c6e39d0
 Prev Bits: [0x00000293142e0000, 0x00000293162e0000)
 Next Bits: [0x00000293162e0000, 0x00000293182e0000)

Polling page: 0x0000029300000000

Metaspace:

Usage:
  Non-class:     39.17 MB capacity,    38.45 MB ( 98%) used,   631.07 KB (  2%) free+waste,   107.19 KB ( <1%) overhead. 
      Class:      6.06 MB capacity,     5.69 MB ( 94%) used,   328.10 KB (  5%) free+waste,    51.44 KB ( <1%) overhead. 
       Both:     45.23 MB capacity,    44.14 MB ( 98%) used,   959.17 KB (  2%) free+waste,   158.63 KB ( <1%) overhead. 

Virtual space:
  Non-class space:       40.00 MB reserved,      39.25 MB ( 98%) committed 
      Class space:        1.00 GB reserved,       6.13 MB ( <1%) committed 
             Both:        1.04 GB reserved,      45.38 MB (  4%) committed 

Chunk freelists:
   Non-Class:  16.00 KB
       Class:  3.00 KB
        Both:  19.00 KB

MaxMetaspaceSize: 17179869184.00 GB
CompressedClassSpaceSize: 1.00 GB
Initial GC threshold: 20.80 MB
Current GC threshold: 58.75 MB
CDS: off

CodeHeap 'non-profiled nmethods': size=120000Kb used=2123Kb max_used=2123Kb free=117876Kb
 bounds [0x000002930b520000, 0x000002930b790000, 0x0000029312a50000]
CodeHeap 'profiled nmethods': size=120000Kb used=8230Kb max_used=8230Kb free=111769Kb
 bounds [0x0000029303ff0000, 0x0000029304800000, 0x000002930b520000]
CodeHeap 'non-nmethods': size=5760Kb used=2280Kb max_used=2321Kb free=3479Kb
 bounds [0x0000029303a50000, 0x0000029303cc0000, 0x0000029303ff0000]
 total_blobs=4552 nmethods=3780 adapters=683
 compilation: enabled
              stopped_count=0, restarted_count=0
 full_count=0

Compilation events (20 events):
Event: 4.504 Thread 0x000002931b8c5800 3783       3       java.net.URI::match (56 bytes)
Event: 4.504 Thread 0x000002931b8c5800 nmethod 3783 0x00000293047ed790 code [0x00000293047ed940, 0x00000293047edbf8]
Event: 4.504 Thread 0x000002931b8c5800 3784       3       java.util.HashMap$Values::iterator (12 bytes)
Event: 4.505 Thread 0x000002931b8c5800 nmethod 3784 0x00000293047edc90 code [0x00000293047ede60, 0x00000293047ee0c8]
Event: 4.505 Thread 0x000002931b8c5800 3785       3       java.util.HashMap$ValueIterator::<init> (11 bytes)
Event: 4.505 Thread 0x000002931b8c5800 nmethod 3785 0x00000293047ee190 code [0x00000293047ee340, 0x00000293047ee4c8]
Event: 4.511 Thread 0x000002931b8c5800 3786       3       java.util.concurrent.TimeUnit::toNanos (45 bytes)
Event: 4.511 Thread 0x000002931b8c5800 nmethod 3786 0x00000293047ee590 code [0x00000293047ee740, 0x00000293047ee958]
Event: 4.525 Thread 0x000002931b8c5800 3787       3       com.google.common.collect.AbstractMapBasedMultimap$WrappedCollection$WrappedIterator::hasNext (14 bytes)
Event: 4.525 Thread 0x000002931b8c5800 nmethod 3787 0x00000293047eea10 code [0x00000293047eec00, 0x00000293047ef008]
Event: 4.527 Thread 0x000002931b8c5800 3788       3       com.google.common.collect.LinkedHashMultimap::succeedsInMultimap (11 bytes)
Event: 4.527 Thread 0x000002931b8c5800 nmethod 3788 0x00000293047ef190 code [0x00000293047ef340, 0x00000293047ef518]
Event: 4.531 Thread 0x000002931b8c5800 3790       3       java.util.regex.Matcher::appendExpandedReplacement (510 bytes)
Event: 4.538 Thread 0x000002931b8c5800 nmethod 3790 0x00000293047ef610 code [0x00000293047efee0, 0x00000293047f50f8]
Event: 4.538 Thread 0x000002931b8c5800 3791       3       org.objectweb.asm.Type::getSort (19 bytes)
Event: 4.538 Thread 0x000002931b8c5800 nmethod 3791 0x00000293047f6e90 code [0x00000293047f7040, 0x00000293047f7198]
Event: 4.538 Thread 0x000002931b8c5800 3792       3       java.lang.invoke.MethodTypeForm::pack (54 bytes)
Event: 4.538 Thread 0x000002931b8c5800 nmethod 3792 0x00000293047f7210 code [0x00000293047f73c0, 0x00000293047f74d8]
Event: 4.538 Thread 0x000002931b8c5800 3789       3       java.util.regex.Matcher::appendReplacement (75 bytes)
Event: 4.538 Thread 0x000002931b8c5800 nmethod 3789 0x00000293047f7590 code [0x00000293047f77a0, 0x00000293047f7c48]

GC Heap History (8 events):
Event: 0.601 GC heap before
{Heap before GC invocations=0 (full 0):
 garbage-first heap   total 258048K, used 30720K [0x0000000080000000, 0x0000000100000000)
  region size 1024K, 24 young (24576K), 0 survivors (0K)
 Metaspace       used 10208K, capacity 10423K, committed 10624K, reserved 1058816K
  class space    used 1071K, capacity 1141K, committed 1152K, reserved 1048576K
}
Event: 0.606 GC heap after
{Heap after GC invocations=1 (full 0):
 garbage-first heap   total 258048K, used 9351K [0x0000000080000000, 0x0000000100000000)
  region size 1024K, 3 young (3072K), 3 survivors (3072K)
 Metaspace       used 10208K, capacity 10423K, committed 10624K, reserved 1058816K
  class space    used 1071K, capacity 1141K, committed 1152K, reserved 1048576K
}
Event: 2.269 GC heap before
{Heap before GC invocations=1 (full 0):
 garbage-first heap   total 258048K, used 112775K [0x0000000080000000, 0x0000000100000000)
  region size 1024K, 105 young (107520K), 3 survivors (3072K)
 Metaspace       used 20729K, capacity 21137K, committed 21248K, reserved 1067008K
  class space    used 2551K, capacity 2712K, committed 2816K, reserved 1048576K
}
Event: 2.278 GC heap after
{Heap after GC invocations=2 (full 0):
 garbage-first heap   total 258048K, used 16932K [0x0000000080000000, 0x0000000100000000)
  region size 1024K, 11 young (11264K), 11 survivors (11264K)
 Metaspace       used 20729K, capacity 21137K, committed 21248K, reserved 1067008K
  class space    used 2551K, capacity 2712K, committed 2816K, reserved 1048576K
}
Event: 2.470 GC heap before
{Heap before GC invocations=3 (full 0):
 garbage-first heap   total 258048K, used 43556K [0x0000000080000000, 0x0000000100000000)
  region size 1024K, 37 young (37888K), 11 survivors (11264K)
 Metaspace       used 23172K, capacity 23662K, committed 23936K, reserved 1071104K
  class space    used 2946K, capacity 3133K, committed 3200K, reserved 1048576K
}
Event: 2.476 GC heap after
{Heap after GC invocations=4 (full 0):
 garbage-first heap   total 258048K, used 18401K [0x0000000080000000, 0x0000000100000000)
  region size 1024K, 2 young (2048K), 2 survivors (2048K)
 Metaspace       used 23172K, capacity 23662K, committed 23936K, reserved 1071104K
  class space    used 2946K, capacity 3133K, committed 3200K, reserved 1048576K
}
Event: 3.390 GC heap before
{Heap before GC invocations=4 (full 0):
 garbage-first heap   total 258048K, used 105441K [0x0000000080000000, 0x0000000100000000)
  region size 1024K, 88 young (90112K), 2 survivors (2048K)
 Metaspace       used 35042K, capacity 35802K, committed 35840K, reserved 1081344K
  class space    used 4554K, capacity 4847K, committed 4864K, reserved 1048576K
}
Event: 3.398 GC heap after
{Heap after GC invocations=5 (full 0):
 garbage-first heap   total 258048K, used 22594K [0x0000000080000000, 0x0000000100000000)
  region size 1024K, 6 young (6144K), 6 survivors (6144K)
 Metaspace       used 35042K, capacity 35802K, committed 35840K, reserved 1081344K
  class space    used 4554K, capacity 4847K, committed 4864K, reserved 1048576K
}

Deoptimization events (20 events):
Event: 4.440 Thread 0x000002931dadd800 DEOPT PACKING pc=0x00000293044104f6 sp=0x000000b959bf64b0
Event: 4.440 Thread 0x000002931dadd800 DEOPT UNPACKING pc=0x0000029303a9a95e sp=0x000000b959bf59d0 mode 0
Event: 4.455 Thread 0x000002931dadd800 DEOPT PACKING pc=0x00000293044104d5 sp=0x000000b959bf60d0
Event: 4.455 Thread 0x000002931dadd800 DEOPT UNPACKING pc=0x0000029303a9a95e sp=0x000000b959bf55f0 mode 0
Event: 4.478 Thread 0x000002931dadd800 Uncommon trap: trap_request=0xffffff7e fr.pc=0x000002930b64451c relative=0x000000000000023c
Event: 4.478 Thread 0x000002931dadd800 Uncommon trap: reason=predicate action=maybe_recompile pc=0x000002930b64451c method=com.google.common.base.CharMatcher.indexIn(Ljava/lang/CharSequence;I)I @ 19 c2
Event: 4.478 Thread 0x000002931dadd800 DEOPT PACKING pc=0x000002930b64451c sp=0x000000b959bf8300
Event: 4.478 Thread 0x000002931dadd800 DEOPT UNPACKING pc=0x0000029303a9a1af sp=0x000000b959bf82a8 mode 2
Event: 4.502 Thread 0x000002931dadd800 Uncommon trap: trap_request=0xffffff4d fr.pc=0x000002930b582c00 relative=0x00000000000001c0
Event: 4.502 Thread 0x000002931dadd800 Uncommon trap: reason=unstable_if action=reinterpret pc=0x000002930b582c00 method=java.net.URI$Parser.scan(IILjava/lang/String;)I @ 26 c2
Event: 4.502 Thread 0x000002931dadd800 DEOPT PACKING pc=0x000002930b582c00 sp=0x000000b959bf90e0
Event: 4.502 Thread 0x000002931dadd800 DEOPT UNPACKING pc=0x0000029303a9a1af sp=0x000000b959bf9070 mode 2
Event: 4.502 Thread 0x000002931dadd800 Uncommon trap: trap_request=0xffffff4d fr.pc=0x000002930b57aa54 relative=0x0000000000000114
Event: 4.502 Thread 0x000002931dadd800 Uncommon trap: reason=unstable_if action=reinterpret pc=0x000002930b57aa54 method=java.net.URI.match(CJJ)Z @ 45 c2
Event: 4.502 Thread 0x000002931dadd800 DEOPT PACKING pc=0x000002930b57aa54 sp=0x000000b959bf8e50
Event: 4.502 Thread 0x000002931dadd800 DEOPT UNPACKING pc=0x0000029303a9a1af sp=0x000000b959bf8d88 mode 2
Event: 4.502 Thread 0x000002931dadd800 Uncommon trap: trap_request=0xffffff4d fr.pc=0x000002930b53cf68 relative=0x0000000000000048
Event: 4.502 Thread 0x000002931dadd800 Uncommon trap: reason=unstable_if action=reinterpret pc=0x000002930b53cf68 method=java.net.URI.match(CJJ)Z @ 19 c2
Event: 4.502 Thread 0x000002931dadd800 DEOPT PACKING pc=0x000002930b53cf68 sp=0x000000b959bf8e60
Event: 4.502 Thread 0x000002931dadd800 DEOPT UNPACKING pc=0x0000029303a9a1af sp=0x000000b959bf8e10 mode 2

Classes redefined (0 events):
No events

Internal exceptions (20 events):
Event: 4.172 Thread 0x000002931ec5a800 Exception <a 'java/lang/NoSuchMethodError'{0x000000008fb8ed18}: <clinit>> (0x000000008fb8ed18) thrown at [./src/hotspot/share/prims/jni.cpp, line 1365]
Event: 4.172 Thread 0x000002931ec5a800 Exception <a 'java/lang/NoSuchMethodError'{0x000000008fb90408}: <clinit>> (0x000000008fb90408) thrown at [./src/hotspot/share/prims/jni.cpp, line 1365]
Event: 4.174 Thread 0x000002931ec5a800 Exception <a 'java/lang/NoSuchMethodError'{0x000000008af89700}: <clinit>> (0x000000008af89700) thrown at [./src/hotspot/share/prims/jni.cpp, line 1365]
Event: 4.174 Thread 0x000002931ec5a800 Exception <a 'java/lang/NoSuchMethodError'{0x000000008af8ba88}: <clinit>> (0x000000008af8ba88) thrown at [./src/hotspot/share/prims/jni.cpp, line 1365]
Event: 4.175 Thread 0x000002931ec5a800 Exception <a 'java/lang/NoSuchMethodError'{0x000000008ae04e90}: <clinit>> (0x000000008ae04e90) thrown at [./src/hotspot/share/prims/jni.cpp, line 1365]
Event: 4.258 Thread 0x000002931dadd800 Implicit null exception at 0x000002930b61e0f4 to 0x000002930b61e304
Event: 4.373 Thread 0x000002931dadd800 Exception <a 'java/lang/ClassNotFoundException'{0x00000000897b3240}: build_7herntwk6ieit9urvu50gxg98BeanInfo> (0x00000000897b3240) thrown at [./src/hotspot/share/classfile/systemDictionary.cpp, line 231]
Event: 4.373 Thread 0x000002931dadd800 Exception <a 'java/lang/ClassNotFoundException'{0x00000000897ca1d8}: org/gradle/api/internal/project/ProjectScriptBeanInfo> (0x00000000897ca1d8) thrown at [./src/hotspot/share/classfile/systemDictionary.cpp, line 231]
Event: 4.373 Thread 0x000002931dadd800 Exception <a 'java/lang/ClassNotFoundException'{0x00000000897e1310}: org/gradle/api/internal/project/ProjectScriptCustomizer> (0x00000000897e1310) thrown at [./src/hotspot/share/classfile/systemDictionary.cpp, line 231]
Event: 4.374 Thread 0x000002931dadd800 Exception <a 'java/lang/ClassNotFoundException'{0x00000000897fc590}: build_7herntwk6ieit9urvu50gxg98Customizer> (0x00000000897fc590) thrown at [./src/hotspot/share/classfile/systemDictionary.cpp, line 231]
Event: 4.382 Thread 0x000002931dadd800 Exception <a 'java/lang/ClassNotFoundException'{0x0000000089698ca8}: org/gradle/api/internal/initialization/DefaultScriptHandlerBeanInfo> (0x0000000089698ca8) thrown at [./src/hotspot/share/classfile/systemDictionary.cpp, line 231]
Event: 4.383 Thread 0x000002931dadd800 Exception <a 'java/lang/ClassNotFoundException'{0x00000000896c2c18}: org/gradle/api/internal/initialization/DefaultScriptHandlerCustomizer> (0x00000000896c2c18) thrown at [./src/hotspot/share/classfile/systemDictionary.cpp, line 231]
Event: 4.459 Thread 0x000002931dadd800 Exception <a 'java/lang/ClassNotFoundException'{0x0000000088d409d8}: org/gradle/api/internal/artifacts/dsl/dependencies/DefaultDependencyHandler_DecoratedBeanInfo> (0x0000000088d409d8) thrown at [./src/hotspot/share/classfile/systemDictionary.cpp, line 231]
Event: 4.460 Thread 0x000002931dadd800 Exception <a 'java/lang/ClassNotFoundException'{0x0000000088d7f100}: org/gradle/api/internal/artifacts/dsl/dependencies/DefaultDependencyHandlerBeanInfo> (0x0000000088d7f100) thrown at [./src/hotspot/share/classfile/systemDictionary.cpp, line 231]
Event: 4.460 Thread 0x000002931dadd800 Exception <a 'java/lang/ClassNotFoundException'{0x0000000088dbdc70}: org/gradle/api/internal/artifacts/dsl/dependencies/DefaultDependencyHandlerCustomizer> (0x0000000088dbdc70) thrown at [./src/hotspot/share/classfile/systemDictionary.cpp, line 231]
Event: 4.462 Thread 0x000002931dadd800 Exception <a 'java/lang/ClassNotFoundException'{0x0000000088c23d40}: org/gradle/api/internal/artifacts/dsl/dependencies/DefaultDependencyHandler_DecoratedCustomizer> (0x0000000088c23d40) thrown at [./src/hotspot/share/classfile/systemDictionary.cpp, line 231]
Event: 4.476 Thread 0x000002931dadd800 Exception <a 'java/lang/ClassNotFoundException'{0x0000000088b35d00}: org/gradle/plugin/use/internal/PluginRequestCollector$PluginDependenciesSpecImplBeanInfo> (0x0000000088b35d00) thrown at [./src/hotspot/share/classfile/systemDictionary.cpp, line 231]
Event: 4.477 Thread 0x000002931dadd800 Exception <a 'java/lang/ClassNotFoundException'{0x0000000088b64be0}: org/gradle/plugin/use/internal/PluginRequestCollector$PluginDependenciesSpecImplCustomizer> (0x0000000088b64be0) thrown at [./src/hotspot/share/classfile/systemDictionary.cpp, line 231]
Event: 4.480 Thread 0x000002931dadd800 Exception <a 'java/lang/ClassNotFoundException'{0x0000000088bc4ee8}: org/gradle/plugin/use/internal/PluginRequestCollector$PluginDependencySpecImplBeanInfo> (0x0000000088bc4ee8) thrown at [./src/hotspot/share/classfile/systemDictionary.cpp, line 231]
Event: 4.481 Thread 0x000002931dadd800 Exception <a 'java/lang/ClassNotFoundException'{0x0000000088bf3048}: org/gradle/plugin/use/internal/PluginRequestCollector$PluginDependencySpecImplCustomizer> (0x0000000088bf3048) thrown at [./src/hotspot/share/classfile/systemDictionary.cpp, line 231]

Events (20 events):
Event: 4.534 loading class org/gradle/api/internal/artifacts/cache/ResolutionControl
Event: 4.534 loading class org/gradle/api/internal/artifacts/cache/ResolutionControl done
Event: 4.535 loading class org/gradle/api/internal/artifacts/cache/DependencyResolutionControl
Event: 4.535 loading class org/gradle/api/internal/artifacts/cache/DependencyResolutionControl done
Event: 4.535 loading class org/gradle/api/internal/artifacts/cache/ModuleResolutionControl
Event: 4.535 loading class org/gradle/api/internal/artifacts/cache/ModuleResolutionControl done
Event: 4.536 loading class org/gradle/api/internal/artifacts/cache/ModuleResolutionControl
Event: 4.536 loading class org/gradle/api/internal/artifacts/cache/ModuleResolutionControl done
Event: 4.536 loading class org/gradle/api/internal/artifacts/cache/ArtifactResolutionControl
Event: 4.536 loading class org/gradle/api/internal/artifacts/cache/ArtifactResolutionControl done
Event: 4.536 loading class org/gradle/api/internal/artifacts/cache/ArtifactResolutionControl
Event: 4.536 loading class org/gradle/api/internal/artifacts/cache/ArtifactResolutionControl done
Event: 4.537 loading class org/gradle/api/internal/artifacts/ivyservice/dependencysubstitution/DefaultDependencySubstitutions
Event: 4.537 loading class org/gradle/api/internal/artifacts/ivyservice/dependencysubstitution/DefaultDependencySubstitutions done
Event: 4.538 loading class org/gradle/api/artifacts/DependencySubstitutions$Substitution
Event: 4.538 loading class org/gradle/api/artifacts/DependencySubstitutions$Substitution done
Event: 4.538 loading class org/gradle/api/internal/artifacts/ivyservice/dependencysubstitution/DefaultDependencySubstitutions$ProjectPathConverter
Event: 4.538 loading class org/gradle/api/internal/artifacts/ivyservice/dependencysubstitution/DefaultDependencySubstitutions$ProjectPathConverter done
Event: 4.538 loading class org/gradle/api/internal/artifacts/ivyservice/resolveengine/result/ComponentSelectionReasons
Event: 4.538 loading class org/gradle/api/internal/artifacts/ivyservice/resolveengine/result/ComponentSelectionReasons done


Dynamic libraries:
0x00007ff6de070000 - 0x00007ff6de07a000 	C:\Program Files\Android\Android Studio\jre\bin\java.exe
0x00007ff9bcb20000 - 0x00007ff9bcd29000 	C:\Windows\SYSTEM32\ntdll.dll
0x00007ff9bb2c0000 - 0x00007ff9bb37d000 	C:\Windows\System32\KERNEL32.DLL
0x00007ff9ba4c0000 - 0x00007ff9ba839000 	C:\Windows\System32\KERNELBASE.dll
0x00007ff9ba170000 - 0x00007ff9ba281000 	C:\Windows\System32\ucrtbase.dll
0x00007ff98b690000 - 0x00007ff98b6a9000 	C:\Program Files\Android\Android Studio\jre\bin\jli.dll
0x00007ff989500000 - 0x00007ff989517000 	C:\Program Files\Android\Android Studio\jre\bin\VCRUNTIME140.dll
0x00007ff9bc470000 - 0x00007ff9bc61c000 	C:\Windows\System32\USER32.dll
0x00007ff9ba840000 - 0x00007ff9ba866000 	C:\Windows\System32\win32u.dll
0x00007ff985aa0000 - 0x00007ff985d45000 	C:\Windows\WinSxS\amd64_microsoft.windows.common-controls_6595b64144ccf1df_6.0.22000.120_none_9d947278b86cc467\COMCTL32.dll
0x00007ff9bb0e0000 - 0x00007ff9bb109000 	C:\Windows\System32\GDI32.dll
0x00007ff9bbe40000 - 0x00007ff9bbee3000 	C:\Windows\System32\msvcrt.dll
0x00007ff9ba3a0000 - 0x00007ff9ba4b2000 	C:\Windows\System32\gdi32full.dll
0x00007ff9ba290000 - 0x00007ff9ba32d000 	C:\Windows\System32\msvcp_win.dll
0x00007ff9bc800000 - 0x00007ff9bc831000 	C:\Windows\System32\IMM32.DLL
0x00007ff972ed0000 - 0x00007ff972f6d000 	C:\Program Files\Android\Android Studio\jre\bin\msvcp140.dll
0x00007ff992ee0000 - 0x00007ff9939c5000 	C:\Program Files\Android\Android Studio\jre\bin\server\jvm.dll
0x00007ff9bc8a0000 - 0x00007ff9bc94e000 	C:\Windows\System32\ADVAPI32.dll
0x00007ff9ba9b0000 - 0x00007ff9baa4e000 	C:\Windows\System32\sechost.dll
0x00007ff9bab40000 - 0x00007ff9bac60000 	C:\Windows\System32\RPCRT4.dll
0x00007ff9bc2a0000 - 0x00007ff9bc2a8000 	C:\Windows\System32\PSAPI.DLL
0x00007ff938710000 - 0x00007ff938719000 	C:\Windows\SYSTEM32\WSOCK32.dll
0x00007ff9aeb90000 - 0x00007ff9aebc3000 	C:\Windows\SYSTEM32\WINMM.dll
0x00007ff9bbd20000 - 0x00007ff9bbd8f000 	C:\Windows\System32\WS2_32.dll
0x00007ff9ac530000 - 0x00007ff9ac53a000 	C:\Windows\SYSTEM32\VERSION.dll
0x00007ff9b91f0000 - 0x00007ff9b9208000 	C:\Windows\SYSTEM32\kernel.appcore.dll
0x00007ff995320000 - 0x00007ff995331000 	C:\Program Files\Android\Android Studio\jre\bin\verify.dll
0x00007ff9b7580000 - 0x00007ff9b77a1000 	C:\Windows\SYSTEM32\DBGHELP.DLL
0x00007ff9a7f00000 - 0x00007ff9a7f31000 	C:\Windows\SYSTEM32\dbgcore.DLL
0x00007ff9ba870000 - 0x00007ff9ba8ef000 	C:\Windows\System32\bcryptPrimitives.dll
0x00007ff9952f0000 - 0x00007ff995319000 	C:\Program Files\Android\Android Studio\jre\bin\java.dll
0x00007ff995400000 - 0x00007ff99540b000 	C:\Program Files\Android\Android Studio\jre\bin\jimage.dll
0x00007ff9952d0000 - 0x00007ff9952e8000 	C:\Program Files\Android\Android Studio\jre\bin\zip.dll
0x00007ff9bb560000 - 0x00007ff9bbd18000 	C:\Windows\System32\SHELL32.dll
0x00007ff9b8140000 - 0x00007ff9b89a7000 	C:\Windows\SYSTEM32\windows.storage.dll
0x00007ff9bbf10000 - 0x00007ff9bc289000 	C:\Windows\System32\combase.dll
0x00007ff9b7fd0000 - 0x00007ff9b8136000 	C:\Windows\SYSTEM32\wintypes.dll
0x00007ff9baa50000 - 0x00007ff9bab3a000 	C:\Windows\System32\SHCORE.dll
0x00007ff9bb500000 - 0x00007ff9bb55d000 	C:\Windows\System32\shlwapi.dll
0x00007ff9b9f30000 - 0x00007ff9b9f51000 	C:\Windows\SYSTEM32\profapi.dll
0x00007ff9952b0000 - 0x00007ff9952ca000 	C:\Program Files\Android\Android Studio\jre\bin\net.dll
0x00007ff9afe50000 - 0x00007ff9aff5c000 	C:\Windows\SYSTEM32\WINHTTP.dll
0x00007ff9b9620000 - 0x00007ff9b9687000 	C:\Windows\system32\mswsock.dll
0x00007ff994280000 - 0x00007ff994294000 	C:\Program Files\Android\Android Studio\jre\bin\nio.dll
0x00007ff998100000 - 0x00007ff998127000 	C:\Users\Jarvis\.gradle\native\e1d6ef7f7dcc3fd88c89a11ec53ec762bb8ba0a96d01ffa2cd45eb1d1d8dd5c5\windows-amd64\native-platform.dll
0x00007ff9591b0000 - 0x00007ff9592f4000 	C:\Users\Jarvis\.gradle\native\5664cfc778a61ccfe75a443a1ab52a65af34e5dc3c78e0209fed803814484fcb\windows-amd64\native-platform-file-events.dll
0x00007ff9952a0000 - 0x00007ff9952aa000 	C:\Program Files\Android\Android Studio\jre\bin\management.dll
0x00007ff995260000 - 0x00007ff99526d000 	C:\Program Files\Android\Android Studio\jre\bin\management_ext.dll
0x00007ff9b9870000 - 0x00007ff9b9888000 	C:\Windows\SYSTEM32\CRYPTSP.dll
0x00007ff9b9150000 - 0x00007ff9b9185000 	C:\Windows\system32\rsaenh.dll
0x00007ff9b9710000 - 0x00007ff9b9739000 	C:\Windows\SYSTEM32\USERENV.dll
0x00007ff9b99e0000 - 0x00007ff9b9a07000 	C:\Windows\SYSTEM32\bcrypt.dll
0x00007ff9b9860000 - 0x00007ff9b986c000 	C:\Windows\SYSTEM32\CRYPTBASE.dll
0x00007ff9b8d20000 - 0x00007ff9b8d4d000 	C:\Windows\SYSTEM32\IPHLPAPI.DLL
0x00007ff9bc290000 - 0x00007ff9bc299000 	C:\Windows\System32\NSI.dll
0x00007ff9afd60000 - 0x00007ff9afd79000 	C:\Windows\SYSTEM32\dhcpcsvc6.DLL
0x00007ff9b07a0000 - 0x00007ff9b07be000 	C:\Windows\SYSTEM32\dhcpcsvc.DLL
0x00007ff9b8da0000 - 0x00007ff9b8e88000 	C:\Windows\SYSTEM32\DNSAPI.dll

dbghelp: loaded successfully - version: 4.0.5 - missing functions: none
symbol engine: initialized successfully - sym options: 0x614 - pdb path: .;C:\Program Files\Android\Android Studio\jre\bin;C:\Windows\SYSTEM32;C:\Windows\WinSxS\amd64_microsoft.windows.common-controls_6595b64144ccf1df_6.0.22000.120_none_9d947278b86cc467;C:\Program Files\Android\Android Studio\jre\bin\server;C:\Users\Jarvis\.gradle\native\e1d6ef7f7dcc3fd88c89a11ec53ec762bb8ba0a96d01ffa2cd45eb1d1d8dd5c5\windows-amd64;C:\Users\Jarvis\.gradle\native\5664cfc778a61ccfe75a443a1ab52a65af34e5dc3c78e0209fed803814484fcb\windows-amd64

VM Arguments:
jvm_args: --add-opens=java.base/java.util=ALL-UNNAMED --add-opens=java.base/java.lang=ALL-UNNAMED --add-opens=java.base/java.lang.invoke=ALL-UNNAMED --add-opens=java.base/java.util=ALL-UNNAMED --add-opens=java.prefs/java.util.prefs=ALL-UNNAMED --add-opens=java.prefs/java.util.prefs=ALL-UNNAMED --add-opens=java.base/java.nio.charset=ALL-UNNAMED --add-opens=java.base/java.net=ALL-UNNAMED --add-opens=java.base/java.util.concurrent.atomic=ALL-UNNAMED -Xmx2048m -Dfile.encoding=UTF-8 -Duser.country=GB -Duser.language=en -Duser.variant 
java_command: org.gradle.launcher.daemon.bootstrap.GradleDaemon 7.3.3
java_class_path (initial): C:\Users\Jarvis\.gradle\wrapper\dists\gradle-7.3.3-bin\6a41zxkdtcxs8rphpq6y0069z\gradle-7.3.3\lib\gradle-launcher-7.3.3.jar
Launcher Type: SUN_STANDARD

[Global flags]
     intx CICompilerCount                          = 4                                         {product} {ergonomic}
     uint ConcGCThreads                            = 3                                         {product} {ergonomic}
     uint G1ConcRefinementThreads                  = 10                                        {product} {ergonomic}
   size_t G1HeapRegionSize                         = 1048576                                   {product} {ergonomic}
    uintx GCDrainStackTargetSize                   = 64                                        {product} {ergonomic}
   size_t InitialHeapSize                          = 264241152                                 {product} {ergonomic}
   size_t MarkStackSize                            = 4194304                                   {product} {ergonomic}
   size_t MaxHeapSize                              = 2147483648                                {product} {command line}
   size_t MaxNewSize                               = 1287651328                                {product} {ergonomic}
   size_t MinHeapDeltaBytes                        = 1048576                                   {product} {ergonomic}
    uintx NonNMethodCodeHeapSize                   = 5836300                                {pd product} {ergonomic}
    uintx NonProfiledCodeHeapSize                  = 122910970                              {pd product} {ergonomic}
    uintx ProfiledCodeHeapSize                     = 122910970                              {pd product} {ergonomic}
    uintx ReservedCodeCacheSize                    = 251658240                              {pd product} {ergonomic}
     bool SegmentedCodeCache                       = true                                      {product} {ergonomic}
     bool UseCompressedClassPointers               = true                                 {lp64_product} {ergonomic}
     bool UseCompressedOops                        = true                                 {lp64_product} {ergonomic}
     bool UseG1GC                                  = true                                      {product} {ergonomic}
     bool UseLargePagesIndividualAllocation        = false                                  {pd product} {ergonomic}

Logging:
Log output configuration:
 #0: stdout all=warning uptime,level,tags
 #1: stderr all=off uptime,level,tags

Environment Variables:
PATH=C:\Program Files\Common Files\Oracle\Java\javapath;C:\Windows\system32;C:\Windows;C:\Windows\System32\Wbem;C:\Windows\System32\WindowsPowerShell\v1.0\;C:\Windows\System32\OpenSSH\;C:\Windows\system32;C:\Windows;C:\Windows\System32\Wbem;C:\Windows\System32\WindowsPowerShell\v1.0\;C:\Windows\System32\OpenSSH\;C:\Program Files\Git\cmd;C:\Program Files\dotnet\;C:\Program Files (x86)\NVIDIA Corporation\PhysX\Common;C:\Program Files\NVIDIA Corporation\NVIDIA NvDLISR;C:\Users\Jarvis\AppData\Local\Programs\Python\Python310\Scripts\;C:\Users\Jarvis\AppData\Local\Programs\Python\Python310\;C:\src\flutter\flutter\bin;C:\Users\Jarvis\AppData\Local\Microsoft\WindowsApps;;C:\Users\Jarvis\AppData\Local\Programs\Microsoft VS Code\bin;C:\Program Files\JetBrains\PyCharm 2022.1.1\bin;;C:\Program Files\JetBrains\PyCharm Community Edition 2022.1.1\bin;
USERNAME=Jarvis
OS=Windows_NT
PROCESSOR_IDENTIFIER=Intel64 Family 6 Model 158 Stepping 10, GenuineIntel



---------------  S Y S T E M  ---------------

OS: Windows 10 , 64 bit Build 22000 (10.0.22000.708)
OS uptime: 0 days 4:28 hours

CPU:total 12 (initial active 12) (6 cores per cpu, 2 threads per core) family 6 model 158 stepping 10 microcode 0xf0, cmov, cx8, fxsr, mmx, sse, sse2, sse3, ssse3, sse4.1, sse4.2, popcnt, avx, avx2, aes, clmul, erms, 3dnowpref, lzcnt, ht, tsc, tscinvbit, bmi1, bmi2, adx, fma

Memory: 4k page, system-wide physical 16111M (3162M free)
TotalPageFile size 28207M (AvailPageFile size 9M)
current process WorkingSet (physical memory assigned to process): 340M, peak: 340M
current process commit charge ("private bytes"): 485M, peak: 490M

vm_info: OpenJDK 64-Bit Server VM (11.0.12+7-b1504.28-7817840) for windows-amd64 JRE (11.0.12+7-b1504.28-7817840), built on Oct 13 2021 22:12:33 by "builder" with MS VC++ 14.0 (VS2015)

END.
